PRT1
113
307
4 0 57 (-352 352 640 ) (-352 704 640 ) (-352 704 0 ) (-352 352 0 ) 
4 0 19 (-336 352 0 ) (336 352 0 ) (336 352 192 ) (-336 352 192 ) 
4 0 25 (-352 352 192 ) (-352 352 0 ) (-336 352 0 ) (-336 352 192 ) 
4 0 16 (-320 352 192 ) (320 352 192 ) (320 352 272 ) (-320 352 272 ) 
4 0 15 (320 352 192 ) (336 352 192 ) (336 352 272 ) (320 352 272 ) 
4 0 18 (-352 352 272 ) (-352 352 192 ) (-320 352 192 ) (-320 352 272 ) 
4 0 14 (336 352 0 ) (352 352 0 ) (352 352 192 ) (336 352 192 ) 
4 0 13 (352 352 192 ) (352 352 272 ) (336 352 272 ) (336 352 192 ) 
4 0 10 (-320 352 272 ) (320 352 272 ) (320 352 432 ) (-320 352 432 ) 
4 0 12 (-352 352 432 ) (-352 352 272 ) (-320 352 272 ) (-320 352 432 ) 
4 0 9 (320 352 272 ) (352 352 272 ) (352 352 432 ) (320 352 432 ) 
4 0 3 (-352 352 512 ) (-352 352 432 ) (352 352 432 ) (352 352 512 ) 
4 0 2 (352 352 640 ) (-352 352 640 ) (-352 352 512 ) (352 352 512 ) 
4 0 1 (576 352 0 ) (576 352 640 ) (352 352 640 ) (352 352 0 ) 
4 1 26 (576 64 0 ) (576 64 640 ) (352 64 640 ) (352 64 0 ) 
4 1 14 (352 352 192 ) (352 352 0 ) (352 64 0 ) (352 64 192 ) 
4 1 13 (352 352 272 ) (352 352 192 ) (352 64 192 ) (352 64 272 ) 
4 1 9 (352 352 432 ) (352 352 272 ) (352 64 272 ) (352 64 432 ) 
4 1 5 (352 320 432 ) (352 64 432 ) (352 64 512 ) (352 320 512 ) 
4 1 4 (352 64 512 ) (352 64 640 ) (352 320 640 ) (352 320 512 ) 
4 1 3 (352 352 512 ) (352 352 432 ) (352 320 432 ) (352 320 512 ) 
4 1 2 (352 352 640 ) (352 352 512 ) (352 320 512 ) (352 320 640 ) 
4 2 57 (-352 320 640 ) (-352 352 640 ) (-352 352 512 ) (-352 320 512 ) 
4 2 7 (-320 320 640 ) (-352 320 640 ) (-352 320 512 ) (-320 320 512 ) 
4 2 4 (352 320 512 ) (352 320 640 ) (320 320 640 ) (320 320 512 ) 
4 2 6 (320 320 640 ) (-320 320 640 ) (-320 320 512 ) (320 320 512 ) 
4 2 3 (-352 320 512 ) (-352 352 512 ) (352 352 512 ) (352 320 512 ) 
4 3 57 (-352 352 512 ) (-352 352 432 ) (-352 320 432 ) (-352 320 512 ) 
4 3 10 (-320 352 432 ) (320 352 432 ) (320 320 432 ) (-320 320 432 ) 
4 3 12 (-352 320 432 ) (-352 352 432 ) (-320 352 432 ) (-320 320 432 ) 
4 3 9 (320 352 432 ) (352 352 432 ) (352 320 432 ) (320 320 432 ) 
4 3 8 (-320 320 512 ) (-352 320 512 ) (-352 320 432 ) (-320 320 432 ) 
4 3 5 (352 320 432 ) (352 320 512 ) (320 320 512 ) (320 320 432 ) 
4 3 6 (320 320 512 ) (-320 320 512 ) (-320 320 432 ) (320 320 432 ) 
4 4 27 (352 64 640 ) (320 64 640 ) (320 64 512 ) (352 64 512 ) 
4 4 6 (320 64 512 ) (320 64 640 ) (320 320 640 ) (320 320 512 ) 
4 4 5 (320 320 512 ) (352 320 512 ) (352 64 512 ) (320 64 512 ) 
4 5 28 (320 64 512 ) (320 64 432 ) (352 64 432 ) (352 64 512 ) 
4 5 9 (320 320 432 ) (352 320 432 ) (352 64 432 ) (320 64 432 ) 
4 5 6 (320 320 432 ) (320 64 432 ) (320 64 512 ) (320 320 512 ) 
4 6 30 (320 64 640 ) (-320 64 640 ) (-320 64 432 ) (320 64 432 ) 
4 6 8 (-320 320 512 ) (-320 320 432 ) (-320 64 432 ) (-320 64 512 ) 
4 6 7 (-320 320 640 ) (-320 320 512 ) (-320 64 512 ) (-320 64 640 ) 
4 7 57 (-352 64 512 ) (-352 64 640 ) (-352 320 640 ) (-352 320 512 ) 
4 7 35 (-320 64 640 ) (-352 64 640 ) (-352 64 512 ) (-320 64 512 ) 
4 7 8 (-320 320 512 ) (-320 64 512 ) (-352 64 512 ) (-352 320 512 ) 
4 8 57 (-352 64 432 ) (-352 64 512 ) (-352 320 512 ) (-352 320 432 ) 
4 8 36 (-352 64 512 ) (-352 64 432 ) (-320 64 432 ) (-320 64 512 ) 
4 8 12 (-352 64 432 ) (-352 320 432 ) (-320 320 432 ) (-320 64 432 ) 
4 9 29 (320 64 272 ) (352 64 272 ) (352 64 432 ) (320 64 432 ) 
4 9 15 (336 64 272 ) (320 64 272 ) (320 352 272 ) (336 352 272 ) 
4 9 13 (352 64 272 ) (336 64 272 ) (336 352 272 ) (352 352 272 ) 
4 9 11 (320 320 272 ) (320 64 272 ) (320 64 416 ) (320 320 416 ) 
4 9 10 (320 352 272 ) (320 320 272 ) (320 320 432 ) (320 352 432 ) 
4 10 16 (-320 320 272 ) (-320 352 272 ) (320 352 272 ) (320 320 272 ) 
4 10 11 (-320 320 272 ) (320 320 272 ) (320 320 416 ) (-320 320 416 ) 
4 10 12 (-320 352 432 ) (-320 352 272 ) (-320 320 272 ) (-320 320 432 ) 
4 11 33 (-320 64 272 ) (320 64 272 ) (320 64 416 ) (-320 64 416 ) 
4 11 17 (320 64 272 ) (-320 64 272 ) (-320 320 272 ) (320 320 272 ) 
4 11 12 (-320 320 272 ) (-320 64 272 ) (-320 64 416 ) (-320 320 416 ) 
4 12 57 (-352 64 272 ) (-352 64 432 ) (-352 352 432 ) (-352 352 272 ) 
4 12 37 (-352 64 432 ) (-352 64 272 ) (-320 64 272 ) (-320 64 432 ) 
4 12 18 (-320 64 272 ) (-352 64 272 ) (-352 352 272 ) (-320 352 272 ) 
4 13 38 (352 64 192 ) (352 64 272 ) (336 64 272 ) (336 64 192 ) 
4 13 15 (336 64 272 ) (336 352 272 ) (336 352 192 ) (336 64 192 ) 
4 13 14 (352 64 192 ) (336 64 192 ) (336 352 192 ) (352 352 192 ) 
4 14 39 (336 64 0 ) (352 64 0 ) (352 64 192 ) (336 64 192 ) 
4 14 19 (336 352 192 ) (336 352 0 ) (336 336 0 ) (336 336 192 ) 
4 15 40 (320 64 192 ) (336 64 192 ) (336 64 272 ) (320 64 272 ) 
4 15 19 (336 352 192 ) (336 336 192 ) (320 336 192 ) (320 352 192 ) 
4 15 17 (320 320 192 ) (320 64 192 ) (320 64 272 ) (320 320 272 ) 
4 15 16 (320 352 272 ) (320 352 192 ) (320 320 192 ) (320 320 272 ) 
4 16 19 (-320 336 192 ) (-320 352 192 ) (320 352 192 ) (320 336 192 ) 
4 16 18 (-320 320 272 ) (-320 352 272 ) (-320 352 192 ) (-320 320 192 ) 
4 16 17 (-320 320 272 ) (-320 320 192 ) (320 320 192 ) (320 320 272 ) 
4 17 43 (-320 64 192 ) (320 64 192 ) (320 64 272 ) (-320 64 272 ) 
4 17 20 (320 64 192 ) (-320 64 192 ) (-320 320 192 ) (320 320 192 ) 
4 17 18 (-320 64 192 ) (-320 64 272 ) (-320 320 272 ) (-320 320 192 ) 
4 18 57 (-352 64 192 ) (-352 64 272 ) (-352 352 272 ) (-352 352 192 ) 
4 18 52 (-352 64 272 ) (-352 64 192 ) (-336 64 192 ) (-336 64 272 ) 
4 18 48 (-336 64 192 ) (-320 64 192 ) (-320 64 272 ) (-336 64 272 ) 
4 18 19 (-336 336 192 ) (-336 352 192 ) (-320 352 192 ) (-320 336 192 ) 
4 18 25 (-336 64 192 ) (-352 64 192 ) (-352 352 192 ) (-336 352 192 ) 
4 19 25 (-336 336 192 ) (-336 352 192 ) (-336 352 0 ) (-336 336 0 ) 
4 20 43 (320 64 144 ) (320 64 192 ) (-320 64 192 ) (-320 64 144 ) 
4 21 22 (240 240 0 ) (320 240 0 ) (320 240 128 ) (240 240 128 ) 
4 21 24 (144 320 0 ) (144 240 0 ) (144 240 128 ) (144 320 128 ) 
4 22 44 (240 64 0 ) (320 64 0 ) (320 64 128 ) (240 64 128 ) 
4 22 23 (240 144 0 ) (240 64 0 ) (240 64 128 ) (240 144 128 ) 
4 23 44 (144 64 0 ) (240 64 0 ) (240 64 128 ) (144 64 128 ) 
4 23 24 (144 144 0 ) (144 64 0 ) (144 64 128 ) (144 144 128 ) 
4 24 45 (-320 64 0 ) (-144 64 0 ) (-144 64 128 ) (-320 64 128 ) 
4 24 44 (-144 64 0 ) (144 64 0 ) (144 64 128 ) (-144 64 128 ) 
4 25 57 (-352 64 0 ) (-352 64 192 ) (-352 352 192 ) (-352 352 0 ) 
4 25 53 (-352 64 192 ) (-352 64 0 ) (-336 64 0 ) (-336 64 192 ) 
4 26 56 (576 -352 0 ) (576 -352 640 ) (352 -352 640 ) (352 -352 0 ) 
4 26 55 (352 -336 0 ) (352 -352 0 ) (352 -352 192 ) (352 -336 192 ) 
4 26 54 (352 -352 192 ) (352 -352 272 ) (352 -336 272 ) (352 -336 192 ) 
4 26 39 (352 64 192 ) (352 64 0 ) (352 -336 0 ) (352 -336 192 ) 
4 26 38 (352 64 272 ) (352 64 192 ) (352 -336 192 ) (352 -336 272 ) 
4 26 28 (352 64 512 ) (352 64 432 ) (352 -352 432 ) (352 -352 512 ) 
4 26 27 (352 64 640 ) (352 64 512 ) (352 -352 512 ) (352 -352 640 ) 
4 26 29 (352 64 432 ) (352 64 272 ) (352 -352 272 ) (352 -352 432 ) 
4 27 56 (352 -352 640 ) (320 -352 640 ) (320 -352 512 ) (352 -352 512 ) 
4 27 31 (320 -352 512 ) (320 -352 640 ) (320 -320 640 ) (320 -320 512 ) 
4 27 30 (320 -320 640 ) (320 64 640 ) (320 64 512 ) (320 -320 512 ) 
4 27 28 (352 -352 512 ) (320 -352 512 ) (320 64 512 ) (352 64 512 ) 
4 28 56 (320 -352 512 ) (320 -352 432 ) (352 -352 432 ) (352 -352 512 ) 
4 28 32 (320 -352 432 ) (320 -352 512 ) (320 -320 512 ) (320 -320 432 ) 
4 28 30 (320 -320 512 ) (320 64 512 ) (320 64 432 ) (320 -320 432 ) 
4 28 29 (320 64 432 ) (352 64 432 ) (352 -352 432 ) (320 -352 432 ) 
4 29 56 (320 -352 432 ) (320 -352 272 ) (352 -352 272 ) (352 -352 432 ) 
4 29 54 (352 -352 272 ) (320 -352 272 ) (320 -336 272 ) (352 -336 272 ) 
4 29 51 (320 -336 272 ) (320 -320 272 ) (336 -320 272 ) (336 -336 272 ) 
4 29 42 (320 -320 272 ) (320 -64 272 ) (336 -64 272 ) (336 -320 272 ) 
4 29 40 (320 -64 272 ) (320 64 272 ) (336 64 272 ) (336 -64 272 ) 
4 29 38 (336 64 272 ) (352 64 272 ) (352 -336 272 ) (336 -336 272 ) 
4 29 33 (320 64 272 ) (320 -320 272 ) (320 -320 416 ) (320 64 416 ) 
4 29 34 (320 -320 272 ) (320 -352 272 ) (320 -352 432 ) (320 -320 432 ) 
4 30 36 (-320 64 512 ) (-320 64 432 ) (-320 -320 432 ) (-320 -320 512 ) 
4 30 35 (-320 64 640 ) (-320 64 512 ) (-320 -320 512 ) (-320 -320 640 ) 
4 30 32 (320 -320 432 ) (320 -320 512 ) (-320 -320 512 ) (-320 -320 432 ) 
4 30 31 (320 -320 512 ) (320 -320 640 ) (-320 -320 640 ) (-320 -320 512 ) 
4 31 56 (320 -352 640 ) (-320 -352 640 ) (-320 -352 512 ) (320 -352 512 ) 
4 31 35 (-320 -352 512 ) (-320 -352 640 ) (-320 -320 640 ) (-320 -320 512 ) 
4 31 32 (-320 -352 512 ) (-320 -320 512 ) (320 -320 512 ) (320 -352 512 ) 
4 32 56 (-320 -352 512 ) (-320 -352 432 ) (320 -352 432 ) (320 -352 512 ) 
4 32 36 (-320 -320 432 ) (-320 -352 432 ) (-320 -352 512 ) (-320 -320 512 ) 
4 32 34 (-320 -352 432 ) (-320 -320 432 ) (320 -320 432 ) (320 -352 432 ) 
4 33 43 (-320 -320 272 ) (-320 64 272 ) (320 64 272 ) (320 -320 272 ) 
4 33 37 (-320 64 416 ) (-320 64 272 ) (-320 -320 272 ) (-320 -320 416 ) 
4 33 34 (-320 -320 272 ) (320 -320 272 ) (320 -320 416 ) (-320 -320 416 ) 
4 34 56 (-320 -352 432 ) (-320 -352 272 ) (320 -352 272 ) (320 -352 432 ) 
4 34 54 (320 -352 272 ) (-320 -352 272 ) (-320 -336 272 ) (320 -336 272 ) 
4 34 51 (-320 -336 272 ) (-320 -320 272 ) (320 -320 272 ) (320 -336 272 ) 
4 34 37 (-320 -320 272 ) (-320 -352 272 ) (-320 -352 432 ) (-320 -320 432 ) 
4 35 82 (-352 -352 640 ) (-352 64 640 ) (-352 64 512 ) (-352 -352 512 ) 
4 35 56 (-320 -352 640 ) (-352 -352 640 ) (-352 -352 512 ) (-320 -352 512 ) 
4 35 36 (-320 -352 512 ) (-352 -352 512 ) (-352 64 512 ) (-320 64 512 ) 
4 36 82 (-352 64 512 ) (-352 64 432 ) (-352 -352 432 ) (-352 -352 512 ) 
4 36 56 (-352 -352 512 ) (-352 -352 432 ) (-320 -352 432 ) (-320 -352 512 ) 
4 36 37 (-320 64 432 ) (-320 -352 432 ) (-352 -352 432 ) (-352 64 432 ) 
4 37 82 (-352 64 432 ) (-352 64 272 ) (-352 -352 272 ) (-352 -352 432 ) 
4 37 56 (-352 -352 432 ) (-352 -352 272 ) (-320 -352 272 ) (-320 -352 432 ) 
4 37 54 (-320 -352 272 ) (-352 -352 272 ) (-352 -336 272 ) (-320 -336 272 ) 
4 37 52 (-352 -336 272 ) (-352 64 272 ) (-336 64 272 ) (-336 -336 272 ) 
4 37 51 (-320 -320 272 ) (-320 -336 272 ) (-336 -336 272 ) (-336 -320 272 ) 
4 37 50 (-320 -64 272 ) (-320 -320 272 ) (-336 -320 272 ) (-336 -64 272 ) 
4 37 48 (-336 64 272 ) (-320 64 272 ) (-320 -64 272 ) (-336 -64 272 ) 
4 38 54 (352 -336 192 ) (352 -336 272 ) (336 -336 272 ) (336 -336 192 ) 
4 38 51 (336 -320 192 ) (336 -336 192 ) (336 -336 272 ) (336 -320 272 ) 
4 38 42 (336 -64 192 ) (336 -320 192 ) (336 -320 272 ) (336 -64 272 ) 
4 38 40 (336 64 272 ) (336 64 192 ) (336 -64 192 ) (336 -64 272 ) 
4 38 39 (352 -336 192 ) (336 -336 192 ) (336 64 192 ) (352 64 192 ) 
4 39 55 (336 -336 0 ) (352 -336 0 ) (352 -336 192 ) (336 -336 192 ) 
4 39 41 (336 64 64 ) (336 64 0 ) (336 -64 0 ) (336 -64 64 ) 
4 40 43 (320 64 272 ) (320 64 192 ) (320 -64 192 ) (320 -64 272 ) 
4 40 42 (336 -64 192 ) (336 -64 272 ) (320 -64 272 ) (320 -64 192 ) 
4 41 44 (320 64 64 ) (320 64 0 ) (320 -64 0 ) (320 -64 64 ) 
4 42 51 (336 -320 192 ) (336 -320 272 ) (320 -320 272 ) (320 -320 192 ) 
4 42 43 (320 -320 192 ) (320 -320 272 ) (320 -64 272 ) (320 -64 192 ) 
4 43 51 (320 -320 192 ) (320 -320 272 ) (-320 -320 272 ) (-320 -320 192 ) 
4 43 50 (-320 -320 192 ) (-320 -320 272 ) (-320 -64 272 ) (-320 -64 192 ) 
4 43 48 (-320 -64 272 ) (-320 64 272 ) (-320 64 192 ) (-320 -64 192 ) 
4 44 46 (-144 -320 0 ) (-144 -320 128 ) (-144 -240 128 ) (-144 -240 0 ) 
4 44 45 (-144 -144 128 ) (-144 64 128 ) (-144 64 0 ) (-144 -144 0 ) 
4 45 49 (-320 64 0 ) (-320 -64 0 ) (-320 -64 64 ) (-320 64 64 ) 
4 45 47 (-320 -144 128 ) (-320 -144 0 ) (-240 -144 0 ) (-240 -144 128 ) 
4 46 47 (-240 -240 0 ) (-240 -320 0 ) (-240 -320 128 ) (-240 -240 128 ) 
4 48 52 (-336 -64 192 ) (-336 -64 272 ) (-336 64 272 ) (-336 64 192 ) 
4 48 50 (-320 -64 192 ) (-320 -64 272 ) (-336 -64 272 ) (-336 -64 192 ) 
4 49 53 (-336 64 0 ) (-336 -64 0 ) (-336 -64 64 ) (-336 64 64 ) 
4 50 52 (-336 -320 192 ) (-336 -320 272 ) (-336 -64 272 ) (-336 -64 192 ) 
4 50 51 (-320 -320 192 ) (-320 -320 272 ) (-336 -320 272 ) (-336 -320 192 ) 
4 51 54 (336 -336 192 ) (336 -336 272 ) (-336 -336 272 ) (-336 -336 192 ) 
4 51 52 (-336 -336 192 ) (-336 -336 272 ) (-336 -320 272 ) (-336 -320 192 ) 
4 52 82 (-352 64 272 ) (-352 64 192 ) (-352 -336 192 ) (-352 -336 272 ) 
4 52 54 (-336 -336 192 ) (-336 -336 272 ) (-352 -336 272 ) (-352 -336 192 ) 
4 52 53 (-352 -336 192 ) (-352 64 192 ) (-336 64 192 ) (-336 -336 192 ) 
4 53 82 (-352 64 192 ) (-352 64 0 ) (-352 -336 0 ) (-352 -336 192 ) 
4 53 55 (-352 -336 0 ) (-336 -336 0 ) (-336 -336 192 ) (-352 -336 192 ) 
4 54 82 (-352 -352 192 ) (-352 -352 272 ) (-352 -336 272 ) (-352 -336 192 ) 
4 54 56 (-352 -352 272 ) (-352 -352 192 ) (352 -352 192 ) (352 -352 272 ) 
4 54 55 (352 -352 192 ) (-352 -352 192 ) (-352 -336 192 ) (352 -336 192 ) 
4 55 82 (-352 -336 0 ) (-352 -352 0 ) (-352 -352 192 ) (-352 -336 192 ) 
4 55 56 (-352 -352 192 ) (-352 -352 0 ) (352 -352 0 ) (352 -352 192 ) 
4 56 82 (-352 -576 640 ) (-352 -352 640 ) (-352 -352 0 ) (-352 -576 0 ) 
4 57 82 (-352 64 0 ) (-352 64 640 ) (-688 64 640 ) (-688 64 0 ) 
4 57 60 (-688 384 400 ) (-688 384 464 ) (-688 512 464 ) (-688 512 400 ) 
4 57 59 (-688 384 464 ) (-688 384 640 ) (-688 512 640 ) (-688 512 464 ) 
4 57 58 (-688 512 640 ) (-688 704 640 ) (-688 704 400 ) (-688 512 400 ) 
4 57 61 (-688 704 0 ) (-688 384 0 ) (-688 384 400 ) (-688 704 400 ) 
4 57 62 (-688 384 0 ) (-688 64 0 ) (-688 64 640 ) (-688 384 640 ) 
4 58 60 (-688 512 400 ) (-688 512 464 ) (-704 512 464 ) (-704 512 400 ) 
4 58 59 (-688 512 464 ) (-688 512 640 ) (-704 512 640 ) (-704 512 464 ) 
4 58 61 (-704 512 400 ) (-704 704 400 ) (-688 704 400 ) (-688 512 400 ) 
4 59 63 (-704 384 464 ) (-704 384 640 ) (-704 512 640 ) (-704 512 464 ) 
4 59 62 (-688 384 464 ) (-688 384 640 ) (-704 384 640 ) (-704 384 464 ) 
4 59 60 (-704 384 464 ) (-704 512 464 ) (-688 512 464 ) (-688 384 464 ) 
4 60 64 (-704 384 400 ) (-704 384 416 ) (-704 512 416 ) (-704 512 400 ) 
4 60 63 (-704 384 416 ) (-704 384 464 ) (-704 512 464 ) (-704 512 416 ) 
4 60 62 (-688 384 400 ) (-688 384 464 ) (-704 384 464 ) (-704 384 400 ) 
4 60 61 (-704 384 400 ) (-704 512 400 ) (-688 512 400 ) (-688 384 400 ) 
4 61 62 (-704 384 0 ) (-688 384 0 ) (-688 384 400 ) (-704 384 400 ) 
4 62 88 (-704 64 208 ) (-704 64 0 ) (-688 64 0 ) (-688 64 208 ) 
4 62 85 (-704 64 256 ) (-704 64 224 ) (-688 64 224 ) (-688 64 256 ) 
4 62 87 (-704 64 224 ) (-704 64 208 ) (-688 64 208 ) (-688 64 224 ) 
4 62 84 (-704 64 336 ) (-704 64 256 ) (-688 64 256 ) (-688 64 336 ) 
4 62 83 (-688 64 640 ) (-704 64 640 ) (-704 64 336 ) (-688 64 336 ) 
4 63 67 (-720 512 416 ) (-720 384 416 ) (-720 384 640 ) (-720 512 640 ) 
4 63 64 (-720 384 416 ) (-720 512 416 ) (-704 512 416 ) (-704 384 416 ) 
4 65 66 (-832 560 416 ) (-720 560 416 ) (-720 560 640 ) (-832 560 640 ) 
4 66 67 (-832 544 640 ) (-832 544 416 ) (-720 544 416 ) (-720 544 640 ) 
4 67 71 (-832 320 640 ) (-832 320 416 ) (-720 320 416 ) (-720 320 640 ) 
4 67 70 (-832 320 416 ) (-832 336 416 ) (-720 336 416 ) (-720 320 416 ) 
4 67 69 (-832 336 416 ) (-832 352 416 ) (-720 352 416 ) (-720 336 416 ) 
4 67 68 (-832 352 416 ) (-832 368 416 ) (-720 368 416 ) (-720 352 416 ) 
4 68 69 (-832 352 416 ) (-832 352 400 ) (-720 352 400 ) (-720 352 416 ) 
4 69 70 (-720 336 384 ) (-720 336 416 ) (-832 336 416 ) (-832 336 384 ) 
4 70 71 (-832 320 416 ) (-832 320 368 ) (-720 320 368 ) (-720 320 416 ) 
4 71 92 (-720 64 640 ) (-832 64 640 ) (-832 64 352 ) (-720 64 352 ) 
4 71 80 (-720 64 352 ) (-832 64 352 ) (-832 176 352 ) (-720 176 352 ) 
4 71 72 (-832 288 352 ) (-832 304 352 ) (-720 304 352 ) (-720 288 352 ) 
4 71 73 (-832 256 352 ) (-832 288 352 ) (-720 288 352 ) (-720 256 352 ) 
4 71 75 (-832 176 352 ) (-832 256 352 ) (-720 256 352 ) (-720 176 352 ) 
4 72 73 (-832 288 352 ) (-832 288 336 ) (-720 288 336 ) (-720 288 352 ) 
4 73 74 (-832 256 320 ) (-832 272 320 ) (-720 272 320 ) (-720 256 320 ) 
4 73 75 (-832 256 352 ) (-832 256 320 ) (-720 256 320 ) (-720 256 352 ) 
4 74 75 (-832 256 320 ) (-832 256 304 ) (-720 256 304 ) (-720 256 320 ) 
4 75 80 (-832 176 352 ) (-832 176 288 ) (-720 176 288 ) (-720 176 352 ) 
4 75 78 (-832 176 288 ) (-832 208 288 ) (-720 208 288 ) (-720 176 288 ) 
4 75 77 (-832 208 288 ) (-832 224 288 ) (-720 224 288 ) (-720 208 288 ) 
4 75 76 (-832 224 288 ) (-832 240 288 ) (-720 240 288 ) (-720 224 288 ) 
4 76 77 (-832 224 288 ) (-832 224 272 ) (-720 224 272 ) (-720 224 288 ) 
4 77 78 (-720 208 256 ) (-720 208 288 ) (-832 208 288 ) (-832 208 256 ) 
4 78 80 (-832 176 288 ) (-832 176 240 ) (-720 176 240 ) (-720 176 288 ) 
4 78 79 (-832 176 240 ) (-832 192 240 ) (-720 192 240 ) (-720 176 240 ) 
4 79 80 (-832 176 240 ) (-832 176 224 ) (-720 176 224 ) (-720 176 240 ) 
4 80 93 (-832 64 320 ) (-832 64 208 ) (-720 64 208 ) (-720 64 320 ) 
4 80 92 (-832 64 352 ) (-832 64 320 ) (-720 64 320 ) (-720 64 352 ) 
4 81 111 (-1520 64 368 ) (-1536 64 368 ) (-1536 64 208 ) (-1520 64 208 ) 
4 81 110 (-1504 64 368 ) (-1520 64 368 ) (-1520 64 208 ) (-1504 64 208 ) 
4 81 109 (-1152 64 208 ) (-1152 64 368 ) (-1504 64 368 ) (-1504 64 208 ) 
4 82 90 (-688 -64 0 ) (-688 -448 0 ) (-688 -448 64 ) (-688 -64 64 ) 
4 82 91 (-688 -448 0 ) (-688 -576 0 ) (-688 -576 64 ) (-688 -448 64 ) 
4 82 89 (-688 -576 64 ) (-688 -576 640 ) (-688 -64 640 ) (-688 -64 64 ) 
4 82 88 (-688 64 208 ) (-688 64 0 ) (-688 -64 0 ) (-688 -64 208 ) 
4 82 85 (-688 64 256 ) (-688 64 224 ) (-688 -64 224 ) (-688 -64 256 ) 
4 82 87 (-688 64 224 ) (-688 64 208 ) (-688 -64 208 ) (-688 -64 224 ) 
4 82 84 (-688 64 336 ) (-688 64 256 ) (-688 -64 256 ) (-688 -64 336 ) 
4 82 83 (-688 64 640 ) (-688 64 336 ) (-688 -64 336 ) (-688 -64 640 ) 
4 83 89 (-688 -64 336 ) (-688 -64 640 ) (-704 -64 640 ) (-704 -64 336 ) 
4 83 84 (-704 64 336 ) (-688 64 336 ) (-688 -64 336 ) (-704 -64 336 ) 
4 84 93 (-720 64 320 ) (-720 64 256 ) (-720 -64 256 ) (-720 -64 320 ) 
4 84 92 (-720 64 336 ) (-720 64 320 ) (-720 -64 320 ) (-720 -64 336 ) 
4 84 89 (-688 -64 256 ) (-688 -64 336 ) (-704 -64 336 ) (-704 -64 256 ) 
4 84 86 (-720 -64 256 ) (-720 64 256 ) (-704 64 256 ) (-704 -64 256 ) 
4 84 85 (-704 64 256 ) (-688 64 256 ) (-688 -64 256 ) (-704 -64 256 ) 
4 85 89 (-688 -64 224 ) (-688 -64 256 ) (-704 -64 256 ) (-704 -64 224 ) 
4 85 87 (-688 -64 224 ) (-704 -64 224 ) (-704 64 224 ) (-688 64 224 ) 
4 85 86 (-704 -64 224 ) (-704 -64 256 ) (-704 64 256 ) (-704 64 224 ) 
4 86 93 (-720 64 256 ) (-720 64 224 ) (-720 -64 224 ) (-720 -64 256 ) 
4 86 87 (-704 -64 224 ) (-720 -64 224 ) (-720 64 224 ) (-704 64 224 ) 
4 87 93 (-720 64 224 ) (-720 64 208 ) (-720 -64 208 ) (-720 -64 224 ) 
4 87 89 (-688 -64 208 ) (-688 -64 224 ) (-704 -64 224 ) (-704 -64 208 ) 
4 87 88 (-688 -64 208 ) (-704 -64 208 ) (-704 64 208 ) (-688 64 208 ) 
4 88 90 (-704 -64 0 ) (-688 -64 0 ) (-688 -64 64 ) (-704 -64 64 ) 
4 88 89 (-688 -64 64 ) (-688 -64 208 ) (-704 -64 208 ) (-704 -64 64 ) 
4 89 90 (-704 -448 64 ) (-704 -64 64 ) (-688 -64 64 ) (-688 -448 64 ) 
4 89 91 (-688 -576 64 ) (-704 -576 64 ) (-704 -448 64 ) (-688 -448 64 ) 
4 90 91 (-704 -448 0 ) (-688 -448 0 ) (-688 -448 64 ) (-704 -448 64 ) 
4 91 107 (-720 -576 0 ) (-720 -576 16 ) (-720 -448 16 ) (-720 -448 0 ) 
4 91 106 (-720 -576 16 ) (-720 -576 64 ) (-720 -448 64 ) (-720 -448 16 ) 
4 92 97 (-720 -288 320 ) (-720 -576 320 ) (-832 -576 320 ) (-832 -288 320 ) 
4 92 95 (-720 -256 320 ) (-720 -288 320 ) (-832 -288 320 ) (-832 -256 320 ) 
4 92 94 (-720 -64 320 ) (-720 -256 320 ) (-832 -256 320 ) (-832 -64 320 ) 
4 92 93 (-832 64 320 ) (-720 64 320 ) (-720 -64 320 ) (-832 -64 320 ) 
4 93 108 (-848 64 320 ) (-848 64 208 ) (-848 -64 208 ) (-848 -64 320 ) 
4 93 94 (-832 -64 208 ) (-720 -64 208 ) (-720 -64 320 ) (-832 -64 320 ) 
4 94 95 (-720 -256 320 ) (-832 -256 320 ) (-832 -256 208 ) (-720 -256 208 ) 
4 95 97 (-720 -288 192 ) (-720 -288 320 ) (-832 -288 320 ) (-832 -288 192 ) 
4 95 96 (-720 -272 192 ) (-720 -288 192 ) (-832 -288 192 ) (-832 -272 192 ) 
4 96 97 (-720 -288 176 ) (-720 -288 192 ) (-832 -288 192 ) (-832 -288 176 ) 
4 97 106 (-720 -432 160 ) (-720 -576 160 ) (-832 -576 160 ) (-832 -432 160 ) 
4 97 102 (-720 -368 160 ) (-720 -432 160 ) (-832 -432 160 ) (-832 -368 160 ) 
4 97 98 (-720 -304 160 ) (-720 -320 160 ) (-832 -320 160 ) (-832 -304 160 ) 
4 97 99 (-720 -320 160 ) (-720 -368 160 ) (-832 -368 160 ) (-832 -320 160 ) 
4 98 99 (-832 -320 160 ) (-832 -320 144 ) (-720 -320 144 ) (-720 -320 160 ) 
4 99 102 (-720 -368 128 ) (-720 -368 160 ) (-832 -368 160 ) (-832 -368 128 ) 
4 99 100 (-720 -368 128 ) (-832 -368 128 ) (-832 -336 128 ) (-720 -336 128 ) 
4 100 102 (-720 -368 112 ) (-720 -368 128 ) (-832 -368 128 ) (-832 -368 112 ) 
4 100 101 (-832 -368 112 ) (-832 -352 112 ) (-720 -352 112 ) (-720 -368 112 ) 
4 101 102 (-720 -368 96 ) (-720 -368 112 ) (-832 -368 112 ) (-832 -368 96 ) 
4 102 106 (-720 -432 160 ) (-832 -432 160 ) (-832 -432 80 ) (-720 -432 80 ) 
4 102 104 (-720 -432 80 ) (-832 -432 80 ) (-832 -400 80 ) (-720 -400 80 ) 
4 102 103 (-832 -400 80 ) (-832 -384 80 ) (-720 -384 80 ) (-720 -400 80 ) 
4 103 104 (-720 -400 64 ) (-720 -400 80 ) (-832 -400 80 ) (-832 -400 64 ) 
4 104 106 (-720 -432 48 ) (-720 -432 80 ) (-832 -432 80 ) (-832 -432 48 ) 
4 104 105 (-832 -432 48 ) (-832 -416 48 ) (-720 -416 48 ) (-720 -432 48 ) 
4 105 106 (-720 -432 32 ) (-720 -432 48 ) (-832 -432 48 ) (-832 -432 32 ) 
4 106 107 (-720 -576 16 ) (-832 -576 16 ) (-832 -448 16 ) (-720 -448 16 ) 
4 108 109 (-1152 -64 368 ) (-1152 64 368 ) (-1152 64 208 ) (-1152 -64 208 ) 
4 109 112 (-1504 -64 208 ) (-1504 -192 208 ) (-1504 -192 368 ) (-1504 -64 368 ) 
4 109 110 (-1504 64 368 ) (-1504 64 208 ) (-1504 -64 208 ) (-1504 -64 368 ) 
4 110 112 (-1504 -64 208 ) (-1504 -64 368 ) (-1520 -64 368 ) (-1520 -64 208 ) 
4 110 111 (-1520 64 368 ) (-1520 64 208 ) (-1520 -64 208 ) (-1520 -64 368 ) 
4 111 112 (-1520 -64 368 ) (-1536 -64 368 ) (-1536 -64 208 ) (-1520 -64 208 ) 
