PRT1
187
504
4 0 18 (1504 64 384 ) (1152 64 384 ) (1152 64 208 ) (1504 64 208 ) 
4 0 17 (1520 64 384 ) (1504 64 384 ) (1504 64 208 ) (1520 64 208 ) 
4 0 16 (1536 64 208 ) (1536 64 384 ) (1520 64 384 ) (1520 64 208 ) 
4 1 9 (720 576 640 ) (720 704 640 ) (720 704 80 ) (720 576 80 ) 
4 1 7 (720 496 112 ) (720 496 96 ) (832 496 96 ) (832 496 112 ) 
4 1 6 (720 496 640 ) (720 496 112 ) (832 496 112 ) (832 496 640 ) 
4 1 5 (720 512 80 ) (720 528 80 ) (832 528 80 ) (832 512 80 ) 
4 1 3 (720 528 80 ) (720 560 80 ) (832 560 80 ) (832 528 80 ) 
4 1 2 (720 560 80 ) (720 704 80 ) (832 704 80 ) (832 560 80 ) 
4 2 9 (720 704 80 ) (720 704 16 ) (720 576 16 ) (720 576 80 ) 
4 2 8 (720 704 16 ) (832 704 16 ) (832 576 16 ) (720 576 16 ) 
4 2 4 (720 560 48 ) (720 560 32 ) (832 560 32 ) (832 560 48 ) 
4 2 3 (720 560 80 ) (720 560 48 ) (832 560 48 ) (832 560 80 ) 
4 3 5 (832 528 80 ) (720 528 80 ) (720 528 64 ) (832 528 64 ) 
4 3 4 (720 544 48 ) (720 560 48 ) (832 560 48 ) (832 544 48 ) 
4 6 12 (720 464 144 ) (720 464 128 ) (832 464 128 ) (832 464 144 ) 
4 6 11 (720 464 160 ) (720 464 144 ) (832 464 144 ) (832 464 160 ) 
4 6 10 (832 464 640 ) (720 464 640 ) (720 464 160 ) (832 464 160 ) 
4 6 7 (720 480 112 ) (720 496 112 ) (832 496 112 ) (832 480 112 ) 
4 8 9 (720 704 0 ) (720 576 0 ) (720 576 16 ) (720 704 16 ) 
4 9 41 (704 704 0 ) (704 576 0 ) (704 576 640 ) (704 704 640 ) 
4 10 15 (832 416 176 ) (832 416 192 ) (720 416 192 ) (720 416 176 ) 
4 10 13 (832 416 192 ) (832 416 640 ) (720 416 640 ) (720 416 192 ) 
4 10 11 (720 432 160 ) (720 464 160 ) (832 464 160 ) (832 432 160 ) 
4 11 12 (720 464 144 ) (832 464 144 ) (832 448 144 ) (720 448 144 ) 
4 13 15 (720 416 192 ) (832 416 192 ) (832 400 192 ) (720 400 192 ) 
4 13 14 (832 384 208 ) (832 384 640 ) (720 384 640 ) (720 384 208 ) 
4 14 22 (720 64 240 ) (720 64 208 ) (832 64 208 ) (832 64 240 ) 
4 14 21 (832 64 640 ) (720 64 640 ) (720 64 240 ) (832 64 240 ) 
4 16 19 (1520 -64 208 ) (1536 -64 208 ) (1536 -64 384 ) (1520 -64 384 ) 
4 16 17 (1520 64 384 ) (1520 64 208 ) (1520 -64 208 ) (1520 -64 384 ) 
4 17 19 (1504 -64 208 ) (1520 -64 208 ) (1520 -64 384 ) (1504 -64 384 ) 
4 17 18 (1504 64 384 ) (1504 64 208 ) (1504 -64 208 ) (1504 -64 384 ) 
4 18 20 (848 64 320 ) (848 64 208 ) (848 -64 208 ) (848 -64 320 ) 
4 18 19 (1152 -64 208 ) (1504 -64 208 ) (1504 -64 384 ) (1152 -64 384 ) 
4 20 22 (832 64 240 ) (832 64 208 ) (832 -64 208 ) (832 -64 240 ) 
4 20 21 (832 64 320 ) (832 64 240 ) (832 -64 240 ) (832 -64 320 ) 
4 21 38 (720 64 384 ) (720 64 240 ) (720 -48 240 ) (720 -48 384 ) 
4 21 25 (832 -96 256 ) (832 -96 288 ) (720 -96 288 ) (720 -96 256 ) 
4 21 24 (832 -96 288 ) (832 -96 640 ) (720 -96 640 ) (720 -96 288 ) 
4 21 23 (832 -64 240 ) (832 -80 240 ) (720 -80 240 ) (720 -64 240 ) 
4 21 22 (720 64 240 ) (832 64 240 ) (832 -64 240 ) (720 -64 240 ) 
4 22 38 (720 64 240 ) (720 64 208 ) (720 -48 208 ) (720 -48 240 ) 
4 22 23 (720 -64 240 ) (720 -64 224 ) (832 -64 224 ) (832 -64 240 ) 
4 24 29 (720 -144 336 ) (720 -144 304 ) (832 -144 304 ) (832 -144 336 ) 
4 24 28 (720 -144 352 ) (720 -144 336 ) (832 -144 336 ) (832 -144 352 ) 
4 24 27 (832 -144 640 ) (720 -144 640 ) (720 -144 352 ) (832 -144 352 ) 
4 24 26 (720 -128 288 ) (720 -112 288 ) (832 -112 288 ) (832 -128 288 ) 
4 24 25 (720 -112 288 ) (720 -96 288 ) (832 -96 288 ) (832 -112 288 ) 
4 25 26 (720 -112 288 ) (720 -112 272 ) (832 -112 272 ) (832 -112 288 ) 
4 27 32 (720 -208 416 ) (720 -208 368 ) (832 -208 368 ) (832 -208 416 ) 
4 27 31 (720 -208 640 ) (720 -208 416 ) (832 -208 416 ) (832 -208 640 ) 
4 27 28 (720 -192 352 ) (720 -144 352 ) (832 -144 352 ) (832 -192 352 ) 
4 28 30 (720 -176 336 ) (720 -160 336 ) (832 -160 336 ) (832 -176 336 ) 
4 28 29 (720 -160 336 ) (720 -144 336 ) (832 -144 336 ) (832 -160 336 ) 
4 29 30 (832 -160 320 ) (832 -160 336 ) (720 -160 336 ) (720 -160 320 ) 
4 31 39 (720 -384 640 ) (720 -256 640 ) (720 -256 416 ) (720 -384 416 ) 
4 31 36 (720 -480 624 ) (720 -480 416 ) (832 -480 416 ) (832 -480 624 ) 
4 31 35 (832 -480 640 ) (720 -480 640 ) (720 -480 624 ) (832 -480 624 ) 
4 31 33 (720 -256 416 ) (720 -224 416 ) (832 -224 416 ) (832 -256 416 ) 
4 31 32 (720 -224 416 ) (720 -208 416 ) (832 -208 416 ) (832 -224 416 ) 
4 32 34 (720 -224 400 ) (720 -224 384 ) (832 -224 384 ) (832 -224 400 ) 
4 32 33 (720 -224 416 ) (720 -224 400 ) (832 -224 400 ) (832 -224 416 ) 
4 33 34 (720 -224 400 ) (832 -224 400 ) (832 -240 400 ) (720 -240 400 ) 
4 35 37 (832 -512 624 ) (720 -512 624 ) (720 -496 624 ) (832 -496 624 ) 
4 35 36 (720 -496 624 ) (720 -480 624 ) (832 -480 624 ) (832 -496 624 ) 
4 36 37 (720 -496 416 ) (832 -496 416 ) (832 -496 624 ) (720 -496 624 ) 
4 38 67 (704 64 256 ) (704 64 224 ) (704 -48 224 ) (704 -48 256 ) 
4 38 69 (704 64 224 ) (704 64 208 ) (704 -48 208 ) (704 -48 224 ) 
4 38 62 (704 -48 384 ) (704 64 384 ) (704 64 256 ) (704 -48 256 ) 
4 39 64 (704 -256 464 ) (704 -256 416 ) (704 -384 416 ) (704 -384 464 ) 
4 39 63 (704 -384 640 ) (704 -256 640 ) (704 -256 464 ) (704 -384 464 ) 
4 39 40 (704 -384 416 ) (704 -256 416 ) (720 -256 416 ) (720 -384 416 ) 
4 40 64 (704 -384 400 ) (704 -384 416 ) (704 -256 416 ) (704 -256 400 ) 
4 41 110 (-144 352 0 ) (-144 352 272 ) (-144 384 272 ) (-144 384 0 ) 
4 41 106 (-144 352 272 ) (-144 352 432 ) (-144 384 432 ) (-144 384 272 ) 
4 41 101 (-144 352 432 ) (-144 352 512 ) (-144 384 512 ) (-144 384 432 ) 
4 41 100 (-144 352 512 ) (-144 352 640 ) (-144 384 640 ) (-144 384 512 ) 
4 41 96 (-144 384 640 ) (-144 512 640 ) (-144 512 400 ) (-144 384 400 ) 
4 41 99 (-144 512 400 ) (-144 512 0 ) (-144 384 0 ) (-144 384 400 ) 
4 41 95 (-144 512 640 ) (-144 704 640 ) (-144 704 0 ) (-144 512 0 ) 
4 41 57 (-144 352 192 ) (-144 352 0 ) (336 352 0 ) (336 352 192 ) 
4 41 55 (-144 352 272 ) (-144 352 192 ) (320 352 192 ) (320 352 272 ) 
4 41 54 (320 352 192 ) (336 352 192 ) (336 352 272 ) (320 352 272 ) 
4 41 53 (336 352 0 ) (704 352 0 ) (704 352 192 ) (336 352 192 ) 
4 41 52 (352 352 272 ) (336 352 272 ) (336 352 192 ) (352 352 192 ) 
4 41 51 (704 352 192 ) (704 352 272 ) (352 352 272 ) (352 352 192 ) 
4 41 49 (-144 352 432 ) (-144 352 272 ) (320 352 272 ) (320 352 432 ) 
4 41 48 (320 352 272 ) (352 352 272 ) (352 352 432 ) (320 352 432 ) 
4 41 44 (-144 352 512 ) (-144 352 432 ) (352 352 432 ) (352 352 512 ) 
4 41 43 (-144 352 640 ) (-144 352 512 ) (352 352 512 ) (352 352 640 ) 
4 41 42 (352 352 272 ) (704 352 272 ) (704 352 640 ) (352 352 640 ) 
4 42 62 (352 64 272 ) (704 64 272 ) (704 64 640 ) (352 64 640 ) 
4 42 51 (352 352 272 ) (704 352 272 ) (704 64 272 ) (352 64 272 ) 
4 42 48 (352 64 272 ) (352 64 432 ) (352 352 432 ) (352 352 272 ) 
4 42 46 (352 64 432 ) (352 64 512 ) (352 320 512 ) (352 320 432 ) 
4 42 45 (352 64 512 ) (352 64 640 ) (352 320 640 ) (352 320 512 ) 
4 42 44 (352 352 512 ) (352 352 432 ) (352 320 432 ) (352 320 512 ) 
4 42 43 (352 320 640 ) (352 352 640 ) (352 352 512 ) (352 320 512 ) 
4 43 100 (-144 320 640 ) (-144 352 640 ) (-144 352 512 ) (-144 320 512 ) 
4 43 45 (320 320 512 ) (352 320 512 ) (352 320 640 ) (320 320 640 ) 
4 43 47 (-144 320 640 ) (-144 320 512 ) (320 320 512 ) (320 320 640 ) 
4 43 44 (-144 320 512 ) (-144 352 512 ) (352 352 512 ) (352 320 512 ) 
4 44 102 (-144 352 512 ) (-144 352 432 ) (-144 320 432 ) (-144 320 512 ) 
4 44 49 (-144 320 432 ) (-144 352 432 ) (320 352 432 ) (320 320 432 ) 
4 44 48 (320 352 432 ) (352 352 432 ) (352 320 432 ) (320 320 432 ) 
4 44 46 (320 320 432 ) (352 320 432 ) (352 320 512 ) (320 320 512 ) 
4 44 47 (-144 320 512 ) (-144 320 432 ) (320 320 432 ) (320 320 512 ) 
4 45 73 (352 64 512 ) (352 64 640 ) (320 64 640 ) (320 64 512 ) 
4 45 47 (320 320 640 ) (320 320 512 ) (320 64 512 ) (320 64 640 ) 
4 45 46 (320 320 512 ) (352 320 512 ) (352 64 512 ) (320 64 512 ) 
4 46 74 (320 64 432 ) (352 64 432 ) (352 64 512 ) (320 64 512 ) 
4 46 48 (352 64 432 ) (320 64 432 ) (320 320 432 ) (352 320 432 ) 
4 46 47 (320 320 512 ) (320 320 432 ) (320 64 432 ) (320 64 512 ) 
4 47 104 (-144 64 432 ) (-144 64 512 ) (-144 320 512 ) (-144 320 432 ) 
4 47 103 (-144 64 512 ) (-144 64 640 ) (-144 320 640 ) (-144 320 512 ) 
4 47 77 (-144 64 640 ) (-144 64 432 ) (320 64 432 ) (320 64 640 ) 
4 48 75 (320 64 272 ) (352 64 272 ) (352 64 432 ) (320 64 432 ) 
4 48 54 (320 352 272 ) (336 352 272 ) (336 64 272 ) (320 64 272 ) 
4 48 52 (336 352 272 ) (352 352 272 ) (352 64 272 ) (336 64 272 ) 
4 48 50 (320 64 272 ) (320 64 416 ) (320 320 416 ) (320 320 272 ) 
4 48 49 (320 320 432 ) (320 352 432 ) (320 352 272 ) (320 320 272 ) 
4 49 106 (-144 320 432 ) (-144 352 432 ) (-144 352 272 ) (-144 320 272 ) 
4 49 55 (-144 320 272 ) (-144 352 272 ) (320 352 272 ) (320 320 272 ) 
4 49 50 (-144 320 416 ) (-144 320 272 ) (320 320 272 ) (320 320 416 ) 
4 50 107 (-144 64 272 ) (-144 64 416 ) (-144 320 416 ) (-144 320 272 ) 
4 50 78 (-144 64 416 ) (-144 64 272 ) (320 64 272 ) (320 64 416 ) 
4 50 56 (-144 64 272 ) (-144 320 272 ) (320 320 272 ) (320 64 272 ) 
4 51 68 (688 64 256 ) (672 64 256 ) (672 64 224 ) (688 64 224 ) 
4 51 67 (704 64 224 ) (704 64 256 ) (688 64 256 ) (688 64 224 ) 
4 51 69 (704 64 208 ) (704 64 224 ) (672 64 224 ) (672 64 208 ) 
4 51 70 (704 64 192 ) (704 64 208 ) (672 64 208 ) (672 64 192 ) 
4 51 71 (672 64 256 ) (352 64 256 ) (352 64 192 ) (672 64 192 ) 
4 51 62 (704 64 256 ) (704 64 272 ) (352 64 272 ) (352 64 256 ) 
4 51 53 (352 352 192 ) (704 352 192 ) (704 64 192 ) (352 64 192 ) 
4 51 52 (352 64 192 ) (352 64 272 ) (352 352 272 ) (352 352 192 ) 
4 52 83 (352 64 272 ) (336 64 272 ) (336 64 192 ) (352 64 192 ) 
4 52 54 (336 64 192 ) (336 64 272 ) (336 352 272 ) (336 352 192 ) 
4 52 53 (336 352 192 ) (352 352 192 ) (352 64 192 ) (336 64 192 ) 
4 53 84 (352 64 192 ) (336 64 192 ) (336 64 0 ) (352 64 0 ) 
4 53 70 (704 64 0 ) (704 64 192 ) (672 64 192 ) (672 64 0 ) 
4 53 71 (672 64 192 ) (352 64 192 ) (352 64 0 ) (672 64 0 ) 
4 53 57 (336 336 192 ) (336 352 192 ) (336 352 0 ) (336 336 0 ) 
4 54 85 (320 64 192 ) (336 64 192 ) (336 64 272 ) (320 64 272 ) 
4 54 57 (320 352 192 ) (336 352 192 ) (336 336 192 ) (320 336 192 ) 
4 54 56 (320 64 192 ) (320 64 272 ) (320 320 272 ) (320 320 192 ) 
4 54 55 (320 320 272 ) (320 352 272 ) (320 352 192 ) (320 320 192 ) 
4 55 111 (-144 320 272 ) (-144 352 272 ) (-144 352 192 ) (-144 320 192 ) 
4 55 57 (-144 336 192 ) (-144 352 192 ) (320 352 192 ) (320 336 192 ) 
4 55 56 (-144 320 272 ) (-144 320 192 ) (320 320 192 ) (320 320 272 ) 
4 56 112 (-144 64 192 ) (-144 64 272 ) (-144 320 272 ) (-144 320 192 ) 
4 56 88 (-144 64 272 ) (-144 64 192 ) (320 64 192 ) (320 64 272 ) 
4 57 114 (-144 336 192 ) (-144 352 192 ) (-144 352 0 ) (-144 336 0 ) 
4 58 89 (320 64 176 ) (240 64 176 ) (240 64 0 ) (320 64 0 ) 
4 58 59 (240 240 176 ) (240 320 176 ) (240 320 0 ) (240 240 0 ) 
4 58 60 (240 64 0 ) (240 64 176 ) (240 144 176 ) (240 144 0 ) 
4 59 61 (144 320 176 ) (144 320 0 ) (144 240 0 ) (144 240 176 ) 
4 60 89 (240 64 176 ) (144 64 176 ) (144 64 0 ) (240 64 0 ) 
4 60 61 (144 144 0 ) (144 64 0 ) (144 64 176 ) (144 144 176 ) 
4 61 115 (-144 64 0 ) (-144 64 176 ) (-144 320 176 ) (-144 320 0 ) 
4 61 89 (-144 64 176 ) (-144 64 0 ) (144 64 0 ) (144 64 176 ) 
4 62 83 (352 64 272 ) (352 64 256 ) (352 -256 256 ) (352 -256 272 ) 
4 62 74 (352 64 512 ) (352 64 432 ) (352 -256 432 ) (352 -256 512 ) 
4 62 73 (352 64 640 ) (352 64 512 ) (352 -256 512 ) (352 -256 640 ) 
4 62 75 (352 64 432 ) (352 64 272 ) (352 -256 272 ) (352 -256 432 ) 
4 62 68 (672 64 256 ) (688 64 256 ) (688 -48 256 ) (672 -48 256 ) 
4 62 67 (688 64 256 ) (704 64 256 ) (704 -48 256 ) (688 -48 256 ) 
4 62 71 (352 -48 256 ) (352 64 256 ) (672 64 256 ) (672 -48 256 ) 
4 62 72 (352 -256 256 ) (352 -48 256 ) (704 -48 256 ) (704 -256 256 ) 
4 62 65 (688 -256 256 ) (704 -256 256 ) (704 -256 400 ) (688 -256 400 ) 
4 62 64 (704 -256 400 ) (704 -256 464 ) (688 -256 464 ) (688 -256 400 ) 
4 62 66 (352 -256 464 ) (352 -256 256 ) (688 -256 256 ) (688 -256 464 ) 
4 62 63 (352 -256 640 ) (352 -256 464 ) (704 -256 464 ) (704 -256 640 ) 
4 63 94 (704 -384 464 ) (704 -384 640 ) (352 -384 640 ) (352 -384 464 ) 
4 63 74 (352 -256 512 ) (352 -256 464 ) (352 -352 464 ) (352 -352 512 ) 
4 63 73 (352 -352 640 ) (352 -256 640 ) (352 -256 512 ) (352 -352 512 ) 
4 63 76 (352 -384 464 ) (352 -384 640 ) (352 -352 640 ) (352 -352 464 ) 
4 63 64 (704 -384 464 ) (688 -384 464 ) (688 -256 464 ) (704 -256 464 ) 
4 63 66 (688 -384 464 ) (352 -384 464 ) (352 -256 464 ) (688 -256 464 ) 
4 64 94 (704 -384 400 ) (704 -384 464 ) (688 -384 464 ) (688 -384 400 ) 
4 64 66 (688 -256 464 ) (688 -256 400 ) (688 -384 400 ) (688 -384 464 ) 
4 64 65 (704 -384 400 ) (688 -384 400 ) (688 -256 400 ) (704 -256 400 ) 
4 65 94 (704 -384 256 ) (704 -384 400 ) (688 -384 400 ) (688 -384 256 ) 
4 65 72 (704 -384 256 ) (688 -384 256 ) (688 -256 256 ) (704 -256 256 ) 
4 65 66 (688 -256 400 ) (688 -256 256 ) (688 -384 256 ) (688 -384 400 ) 
4 66 94 (688 -384 464 ) (352 -384 464 ) (352 -384 256 ) (688 -384 256 ) 
4 66 92 (352 -352 256 ) (352 -384 256 ) (352 -384 272 ) (352 -352 272 ) 
4 66 91 (352 -336 256 ) (352 -352 256 ) (352 -352 272 ) (352 -336 272 ) 
4 66 83 (352 -256 256 ) (352 -336 256 ) (352 -336 272 ) (352 -256 272 ) 
4 66 74 (352 -352 464 ) (352 -256 464 ) (352 -256 432 ) (352 -352 432 ) 
4 66 75 (352 -256 432 ) (352 -256 272 ) (352 -352 272 ) (352 -352 432 ) 
4 66 76 (352 -384 272 ) (352 -384 464 ) (352 -352 464 ) (352 -352 272 ) 
4 66 72 (688 -384 256 ) (352 -384 256 ) (352 -256 256 ) (688 -256 256 ) 
4 67 69 (688 64 224 ) (704 64 224 ) (704 -48 224 ) (688 -48 224 ) 
4 67 72 (704 -48 256 ) (688 -48 256 ) (688 -48 224 ) (704 -48 224 ) 
4 67 68 (688 -48 224 ) (688 -48 256 ) (688 64 256 ) (688 64 224 ) 
4 68 69 (672 -48 224 ) (672 64 224 ) (688 64 224 ) (688 -48 224 ) 
4 68 71 (672 64 256 ) (672 64 224 ) (672 -48 224 ) (672 -48 256 ) 
4 68 72 (688 -48 256 ) (672 -48 256 ) (672 -48 224 ) (688 -48 224 ) 
4 69 70 (704 -48 208 ) (672 -48 208 ) (672 64 208 ) (704 64 208 ) 
4 69 72 (672 -48 224 ) (672 -48 208 ) (704 -48 208 ) (704 -48 224 ) 
4 69 71 (672 64 224 ) (672 64 208 ) (672 -48 208 ) (672 -48 224 ) 
4 70 71 (672 64 208 ) (672 64 0 ) (672 -48 0 ) (672 -48 208 ) 
4 70 72 (672 -48 208 ) (672 -48 0 ) (704 -48 0 ) (704 -48 208 ) 
4 71 84 (352 64 192 ) (352 64 0 ) (352 -48 0 ) (352 -48 192 ) 
4 71 83 (352 64 256 ) (352 64 192 ) (352 -48 192 ) (352 -48 256 ) 
4 71 72 (672 -48 256 ) (352 -48 256 ) (352 -48 0 ) (672 -48 0 ) 
4 72 94 (704 -384 0 ) (704 -384 256 ) (352 -384 256 ) (352 -384 0 ) 
4 72 92 (352 -384 192 ) (352 -384 256 ) (352 -352 256 ) (352 -352 192 ) 
4 72 91 (352 -352 256 ) (352 -336 256 ) (352 -336 192 ) (352 -352 192 ) 
4 72 93 (352 -336 0 ) (352 -384 0 ) (352 -384 192 ) (352 -336 192 ) 
4 72 84 (352 -48 0 ) (352 -336 0 ) (352 -336 192 ) (352 -48 192 ) 
4 72 83 (352 -336 192 ) (352 -336 256 ) (352 -48 256 ) (352 -48 192 ) 
4 73 79 (320 -320 512 ) (320 -352 512 ) (320 -352 640 ) (320 -320 640 ) 
4 73 77 (320 64 640 ) (320 64 512 ) (320 -320 512 ) (320 -320 640 ) 
4 73 76 (352 -352 512 ) (352 -352 640 ) (320 -352 640 ) (320 -352 512 ) 
4 73 74 (352 -352 512 ) (320 -352 512 ) (320 64 512 ) (352 64 512 ) 
4 74 80 (320 -320 432 ) (320 -352 432 ) (320 -352 512 ) (320 -320 512 ) 
4 74 77 (320 64 512 ) (320 64 432 ) (320 -320 432 ) (320 -320 512 ) 
4 74 75 (320 -352 432 ) (320 64 432 ) (352 64 432 ) (352 -352 432 ) 
4 74 76 (352 -352 432 ) (352 -352 512 ) (320 -352 512 ) (320 -352 432 ) 
4 75 91 (352 -336 272 ) (352 -352 272 ) (320 -352 272 ) (320 -336 272 ) 
4 75 90 (336 -320 272 ) (336 -336 272 ) (320 -336 272 ) (320 -320 272 ) 
4 75 87 (336 -64 272 ) (336 -320 272 ) (320 -320 272 ) (320 -64 272 ) 
4 75 85 (320 64 272 ) (336 64 272 ) (336 -64 272 ) (320 -64 272 ) 
4 75 83 (336 64 272 ) (352 64 272 ) (352 -336 272 ) (336 -336 272 ) 
4 75 82 (320 -320 272 ) (320 -352 272 ) (320 -352 432 ) (320 -320 432 ) 
4 75 78 (320 64 416 ) (320 64 272 ) (320 -320 272 ) (320 -320 416 ) 
4 75 76 (320 -352 272 ) (352 -352 272 ) (352 -352 432 ) (320 -352 432 ) 
4 76 94 (352 -384 640 ) (320 -384 640 ) (320 -384 272 ) (352 -384 272 ) 
4 76 92 (352 -352 272 ) (352 -384 272 ) (320 -384 272 ) (320 -352 272 ) 
4 76 81 (320 -384 432 ) (320 -384 512 ) (320 -352 512 ) (320 -352 432 ) 
4 76 79 (320 -384 512 ) (320 -384 640 ) (320 -352 640 ) (320 -352 512 ) 
4 76 82 (320 -352 272 ) (320 -384 272 ) (320 -384 432 ) (320 -352 432 ) 
4 77 139 (-144 64 512 ) (-144 64 432 ) (-144 -320 432 ) (-144 -320 512 ) 
4 77 138 (-144 -320 640 ) (-144 64 640 ) (-144 64 512 ) (-144 -320 512 ) 
4 77 80 (320 -320 432 ) (320 -320 512 ) (-144 -320 512 ) (-144 -320 432 ) 
4 77 79 (320 -320 512 ) (320 -320 640 ) (-144 -320 640 ) (-144 -320 512 ) 
4 78 142 (-144 64 416 ) (-144 64 272 ) (-144 -320 272 ) (-144 -320 416 ) 
4 78 88 (-144 64 272 ) (320 64 272 ) (320 -320 272 ) (-144 -320 272 ) 
4 78 82 (-144 -320 272 ) (320 -320 272 ) (320 -320 416 ) (-144 -320 416 ) 
4 79 163 (-144 -384 640 ) (-144 -352 640 ) (-144 -352 512 ) (-144 -384 512 ) 
4 79 138 (-144 -352 640 ) (-144 -320 640 ) (-144 -320 512 ) (-144 -352 512 ) 
4 79 94 (320 -384 640 ) (-144 -384 640 ) (-144 -384 512 ) (320 -384 512 ) 
4 79 81 (320 -352 512 ) (320 -384 512 ) (-144 -384 512 ) (-144 -352 512 ) 
4 79 80 (320 -320 512 ) (320 -352 512 ) (-144 -352 512 ) (-144 -320 512 ) 
4 80 141 (-144 -320 512 ) (-144 -320 432 ) (-144 -352 432 ) (-144 -352 512 ) 
4 80 82 (-144 -352 432 ) (-144 -320 432 ) (320 -320 432 ) (320 -352 432 ) 
4 80 81 (-144 -352 512 ) (-144 -352 432 ) (320 -352 432 ) (320 -352 512 ) 
4 81 163 (-144 -352 432 ) (-144 -384 432 ) (-144 -384 512 ) (-144 -352 512 ) 
4 81 94 (-144 -384 512 ) (-144 -384 432 ) (320 -384 432 ) (320 -384 512 ) 
4 81 82 (320 -384 432 ) (-144 -384 432 ) (-144 -352 432 ) (320 -352 432 ) 
4 82 163 (-144 -352 272 ) (-144 -384 272 ) (-144 -384 432 ) (-144 -352 432 ) 
4 82 144 (-144 -320 432 ) (-144 -320 272 ) (-144 -352 272 ) (-144 -352 432 ) 
4 82 94 (-144 -384 432 ) (-144 -384 272 ) (320 -384 272 ) (320 -384 432 ) 
4 82 92 (320 -352 272 ) (320 -384 272 ) (-144 -384 272 ) (-144 -352 272 ) 
4 82 91 (320 -336 272 ) (320 -352 272 ) (-144 -352 272 ) (-144 -336 272 ) 
4 82 90 (320 -320 272 ) (320 -336 272 ) (-144 -336 272 ) (-144 -320 272 ) 
4 83 91 (352 -336 192 ) (352 -336 272 ) (336 -336 272 ) (336 -336 192 ) 
4 83 90 (336 -320 192 ) (336 -336 192 ) (336 -336 272 ) (336 -320 272 ) 
4 83 87 (336 -64 192 ) (336 -320 192 ) (336 -320 272 ) (336 -64 272 ) 
4 83 85 (336 64 272 ) (336 64 192 ) (336 -64 192 ) (336 -64 272 ) 
4 83 84 (352 -336 192 ) (336 -336 192 ) (336 64 192 ) (352 64 192 ) 
4 84 93 (336 -336 0 ) (352 -336 0 ) (352 -336 192 ) (336 -336 192 ) 
4 84 86 (336 64 64 ) (336 64 0 ) (336 -64 0 ) (336 -64 64 ) 
4 85 88 (320 64 272 ) (320 64 192 ) (320 -64 192 ) (320 -64 272 ) 
4 85 87 (336 -64 192 ) (336 -64 272 ) (320 -64 272 ) (320 -64 192 ) 
4 86 89 (320 64 64 ) (320 64 0 ) (320 -64 0 ) (320 -64 64 ) 
4 87 90 (336 -320 192 ) (336 -320 272 ) (320 -320 272 ) (320 -320 192 ) 
4 87 88 (320 -320 192 ) (320 -320 272 ) (320 -64 272 ) (320 -64 192 ) 
4 88 146 (-144 64 272 ) (-144 64 192 ) (-144 -320 192 ) (-144 -320 272 ) 
4 88 90 (320 -320 192 ) (320 -320 272 ) (-144 -320 272 ) (-144 -320 192 ) 
4 89 151 (-144 -240 0 ) (-144 -320 0 ) (-144 -320 176 ) (-144 -240 176 ) 
4 89 149 (-144 64 176 ) (-144 64 0 ) (-144 -144 0 ) (-144 -144 176 ) 
4 90 148 (-144 -336 192 ) (-144 -336 272 ) (-144 -320 272 ) (-144 -320 192 ) 
4 90 91 (336 -336 192 ) (336 -336 272 ) (-144 -336 272 ) (-144 -336 192 ) 
4 91 156 (-144 -352 272 ) (-144 -336 272 ) (-144 -336 192 ) (-144 -352 192 ) 
4 91 93 (-144 -336 192 ) (352 -336 192 ) (352 -352 192 ) (-144 -352 192 ) 
4 91 92 (352 -352 192 ) (352 -352 272 ) (-144 -352 272 ) (-144 -352 192 ) 
4 92 163 (-144 -384 192 ) (-144 -384 272 ) (-144 -352 272 ) (-144 -352 192 ) 
4 92 94 (-144 -384 272 ) (-144 -384 192 ) (352 -384 192 ) (352 -384 272 ) 
4 92 93 (352 -352 192 ) (352 -384 192 ) (-144 -384 192 ) (-144 -352 192 ) 
4 93 163 (-144 -352 0 ) (-144 -384 0 ) (-144 -384 192 ) (-144 -352 192 ) 
4 93 157 (-144 -336 0 ) (-144 -352 0 ) (-144 -352 192 ) (-144 -336 192 ) 
4 93 94 (-144 -384 192 ) (-144 -384 0 ) (352 -384 0 ) (352 -384 192 ) 
4 94 163 (-144 -576 640 ) (-144 -384 640 ) (-144 -384 0 ) (-144 -576 0 ) 
4 95 98 (-704 512 464 ) (-704 512 400 ) (-688 512 400 ) (-688 512 464 ) 
4 95 97 (-688 512 640 ) (-704 512 640 ) (-704 512 464 ) (-688 512 464 ) 
4 95 96 (-144 512 400 ) (-144 512 640 ) (-688 512 640 ) (-688 512 400 ) 
4 95 99 (-144 512 0 ) (-144 512 400 ) (-704 512 400 ) (-704 512 0 ) 
4 96 106 (-352 384 400 ) (-144 384 400 ) (-144 384 432 ) (-352 384 432 ) 
4 96 101 (-144 384 432 ) (-144 384 512 ) (-352 384 512 ) (-352 384 432 ) 
4 96 100 (-144 384 512 ) (-144 384 640 ) (-352 384 640 ) (-352 384 512 ) 
4 96 109 (-688 384 400 ) (-352 384 400 ) (-352 384 640 ) (-688 384 640 ) 
4 96 98 (-688 384 400 ) (-688 384 464 ) (-688 512 464 ) (-688 512 400 ) 
4 96 97 (-688 384 464 ) (-688 384 640 ) (-688 512 640 ) (-688 512 464 ) 
4 96 99 (-144 384 400 ) (-688 384 400 ) (-688 512 400 ) (-144 512 400 ) 
4 97 122 (-704 384 464 ) (-704 384 640 ) (-704 512 640 ) (-704 512 464 ) 
4 97 109 (-704 384 640 ) (-704 384 464 ) (-688 384 464 ) (-688 384 640 ) 
4 97 98 (-688 384 464 ) (-704 384 464 ) (-704 512 464 ) (-688 512 464 ) 
4 98 123 (-704 384 400 ) (-704 384 416 ) (-704 512 416 ) (-704 512 400 ) 
4 98 122 (-704 384 416 ) (-704 384 464 ) (-704 512 464 ) (-704 512 416 ) 
4 98 109 (-704 384 464 ) (-704 384 400 ) (-688 384 400 ) (-688 384 464 ) 
4 98 99 (-688 384 400 ) (-704 384 400 ) (-704 512 400 ) (-688 512 400 ) 
4 99 110 (-352 384 0 ) (-144 384 0 ) (-144 384 272 ) (-352 384 272 ) 
4 99 117 (-704 384 272 ) (-704 384 0 ) (-352 384 0 ) (-352 384 272 ) 
4 99 106 (-352 384 272 ) (-144 384 272 ) (-144 384 400 ) (-352 384 400 ) 
4 99 109 (-704 384 400 ) (-704 384 272 ) (-352 384 272 ) (-352 384 400 ) 
4 100 103 (-352 320 640 ) (-352 320 512 ) (-144 320 512 ) (-144 320 640 ) 
4 100 102 (-352 320 512 ) (-352 352 512 ) (-144 352 512 ) (-144 320 512 ) 
4 100 101 (-352 352 512 ) (-352 384 512 ) (-144 384 512 ) (-144 352 512 ) 
4 100 109 (-352 320 640 ) (-352 384 640 ) (-352 384 512 ) (-352 320 512 ) 
4 101 106 (-352 384 432 ) (-144 384 432 ) (-144 352 432 ) (-352 352 432 ) 
4 101 109 (-352 384 512 ) (-352 384 432 ) (-352 352 432 ) (-352 352 512 ) 
4 101 102 (-352 352 512 ) (-352 352 432 ) (-144 352 432 ) (-144 352 512 ) 
4 102 106 (-144 352 432 ) (-144 320 432 ) (-352 320 432 ) (-352 352 432 ) 
4 102 105 (-352 320 512 ) (-352 320 432 ) (-320 320 432 ) (-320 320 512 ) 
4 102 104 (-320 320 432 ) (-144 320 432 ) (-144 320 512 ) (-320 320 512 ) 
4 102 109 (-352 352 432 ) (-352 320 432 ) (-352 320 512 ) (-352 352 512 ) 
4 103 138 (-144 64 512 ) (-144 64 640 ) (-352 64 640 ) (-352 64 512 ) 
4 103 105 (-352 320 512 ) (-320 320 512 ) (-320 64 512 ) (-352 64 512 ) 
4 103 104 (-320 320 512 ) (-144 320 512 ) (-144 64 512 ) (-320 64 512 ) 
4 103 109 (-352 64 512 ) (-352 64 640 ) (-352 320 640 ) (-352 320 512 ) 
4 104 139 (-144 64 432 ) (-144 64 512 ) (-320 64 512 ) (-320 64 432 ) 
4 104 105 (-320 320 512 ) (-320 320 432 ) (-320 64 432 ) (-320 64 512 ) 
4 105 140 (-320 64 512 ) (-352 64 512 ) (-352 64 432 ) (-320 64 432 ) 
4 105 108 (-320 64 432 ) (-352 64 432 ) (-352 320 432 ) (-320 320 432 ) 
4 105 109 (-352 64 432 ) (-352 64 512 ) (-352 320 512 ) (-352 320 432 ) 
4 106 111 (-144 352 272 ) (-144 320 272 ) (-352 320 272 ) (-352 352 272 ) 
4 106 110 (-352 384 272 ) (-144 384 272 ) (-144 352 272 ) (-352 352 272 ) 
4 106 107 (-144 320 272 ) (-144 320 416 ) (-320 320 416 ) (-320 320 272 ) 
4 106 108 (-320 320 432 ) (-352 320 432 ) (-352 320 272 ) (-320 320 272 ) 
4 106 109 (-352 320 432 ) (-352 384 432 ) (-352 384 272 ) (-352 320 272 ) 
4 107 142 (-144 64 272 ) (-144 64 416 ) (-320 64 416 ) (-320 64 272 ) 
4 107 112 (-144 320 272 ) (-144 64 272 ) (-320 64 272 ) (-320 320 272 ) 
4 107 108 (-320 320 272 ) (-320 64 272 ) (-320 64 416 ) (-320 320 416 ) 
4 108 143 (-320 64 432 ) (-352 64 432 ) (-352 64 272 ) (-320 64 272 ) 
4 108 113 (-320 64 272 ) (-352 64 272 ) (-352 320 272 ) (-320 320 272 ) 
4 108 109 (-352 64 272 ) (-352 64 432 ) (-352 320 432 ) (-352 320 272 ) 
4 109 145 (-352 64 640 ) (-704 64 640 ) (-704 64 272 ) (-352 64 272 ) 
4 109 117 (-704 64 272 ) (-704 384 272 ) (-352 384 272 ) (-352 64 272 ) 
4 110 114 (-352 352 0 ) (-144 352 0 ) (-144 352 192 ) (-352 352 192 ) 
4 110 111 (-144 352 192 ) (-144 352 272 ) (-352 352 272 ) (-352 352 192 ) 
4 110 117 (-352 384 0 ) (-352 352 0 ) (-352 352 272 ) (-352 384 272 ) 
4 111 116 (-352 320 192 ) (-352 336 192 ) (-336 336 192 ) (-336 320 192 ) 
4 111 114 (-352 336 192 ) (-352 352 192 ) (-144 352 192 ) (-144 336 192 ) 
4 111 113 (-320 320 272 ) (-352 320 272 ) (-352 320 192 ) (-320 320 192 ) 
4 111 112 (-144 320 192 ) (-144 320 272 ) (-320 320 272 ) (-320 320 192 ) 
4 111 117 (-352 320 272 ) (-352 352 272 ) (-352 352 192 ) (-352 320 192 ) 
4 112 146 (-144 64 192 ) (-144 64 272 ) (-320 64 272 ) (-320 64 192 ) 
4 112 113 (-320 320 192 ) (-320 64 192 ) (-320 64 272 ) (-320 320 272 ) 
4 113 147 (-320 64 272 ) (-352 64 272 ) (-352 64 192 ) (-320 64 192 ) 
4 113 116 (-336 64 192 ) (-352 64 192 ) (-352 320 192 ) (-336 320 192 ) 
4 113 117 (-352 64 192 ) (-352 64 272 ) (-352 320 272 ) (-352 320 192 ) 
4 114 116 (-352 336 0 ) (-336 336 0 ) (-336 336 192 ) (-352 336 192 ) 
4 114 117 (-352 352 0 ) (-352 336 0 ) (-352 336 192 ) (-352 352 192 ) 
4 115 149 (-144 64 0 ) (-144 64 176 ) (-320 64 176 ) (-320 64 0 ) 
4 116 152 (-336 64 192 ) (-352 64 192 ) (-352 64 64 ) (-336 64 64 ) 
4 116 153 (-352 64 64 ) (-352 64 0 ) (-336 64 0 ) (-336 64 64 ) 
4 116 117 (-352 336 0 ) (-352 64 0 ) (-352 64 192 ) (-352 336 192 ) 
4 117 160 (-704 64 256 ) (-704 64 208 ) (-672 64 208 ) (-672 64 256 ) 
4 117 159 (-672 64 272 ) (-704 64 272 ) (-704 64 256 ) (-672 64 256 ) 
4 117 161 (-704 64 208 ) (-704 64 0 ) (-672 64 0 ) (-672 64 208 ) 
4 117 158 (-352 64 272 ) (-672 64 272 ) (-672 64 0 ) (-352 64 0 ) 
4 118 121 (-832 608 640 ) (-832 608 624 ) (-720 608 624 ) (-720 608 640 ) 
4 118 120 (-720 608 624 ) (-832 608 624 ) (-832 624 624 ) (-720 624 624 ) 
4 118 119 (-832 624 624 ) (-832 640 624 ) (-720 640 624 ) (-720 624 624 ) 
4 119 120 (-832 624 624 ) (-832 624 416 ) (-720 624 416 ) (-720 624 624 ) 
4 120 121 (-832 608 624 ) (-832 608 416 ) (-720 608 416 ) (-720 608 624 ) 
4 121 122 (-832 512 640 ) (-832 512 416 ) (-720 512 416 ) (-720 512 640 ) 
4 122 124 (-720 384 640 ) (-832 384 640 ) (-832 384 416 ) (-720 384 416 ) 
4 122 123 (-704 384 416 ) (-720 384 416 ) (-720 512 416 ) (-704 512 416 ) 
4 124 166 (-720 64 640 ) (-832 64 640 ) (-832 64 416 ) (-720 64 416 ) 
4 124 125 (-720 64 416 ) (-832 64 416 ) (-832 368 416 ) (-720 368 416 ) 
4 125 166 (-720 64 416 ) (-832 64 416 ) (-832 64 400 ) (-720 64 400 ) 
4 125 135 (-720 64 400 ) (-832 64 400 ) (-832 208 400 ) (-720 208 400 ) 
4 125 130 (-832 208 400 ) (-832 288 400 ) (-720 288 400 ) (-720 208 400 ) 
4 125 126 (-832 336 400 ) (-832 352 400 ) (-720 352 400 ) (-720 336 400 ) 
4 125 127 (-832 288 400 ) (-832 336 400 ) (-720 336 400 ) (-720 288 400 ) 
4 126 127 (-720 336 384 ) (-720 336 400 ) (-832 336 400 ) (-832 336 384 ) 
4 127 130 (-832 288 400 ) (-832 288 368 ) (-720 288 368 ) (-720 288 400 ) 
4 127 129 (-720 288 368 ) (-832 288 368 ) (-832 304 368 ) (-720 304 368 ) 
4 127 128 (-832 304 368 ) (-832 320 368 ) (-720 320 368 ) (-720 304 368 ) 
4 128 129 (-720 304 352 ) (-720 304 368 ) (-832 304 368 ) (-832 304 352 ) 
4 129 130 (-832 288 368 ) (-832 288 336 ) (-720 288 336 ) (-720 288 368 ) 
4 130 135 (-720 208 400 ) (-832 208 400 ) (-832 208 320 ) (-720 208 320 ) 
4 130 131 (-832 256 320 ) (-832 272 320 ) (-720 272 320 ) (-720 256 320 ) 
4 130 132 (-720 208 320 ) (-832 208 320 ) (-832 256 320 ) (-720 256 320 ) 
4 131 132 (-720 256 304 ) (-720 256 320 ) (-832 256 320 ) (-832 256 304 ) 
4 132 135 (-832 208 320 ) (-832 208 288 ) (-720 208 288 ) (-720 208 320 ) 
4 132 133 (-832 208 288 ) (-832 240 288 ) (-720 240 288 ) (-720 208 288 ) 
4 133 135 (-832 208 288 ) (-832 208 272 ) (-720 208 272 ) (-720 208 288 ) 
4 133 134 (-720 208 272 ) (-832 208 272 ) (-832 224 272 ) (-720 224 272 ) 
4 134 135 (-832 208 272 ) (-832 208 256 ) (-720 208 256 ) (-720 208 272 ) 
4 135 166 (-720 64 400 ) (-832 64 400 ) (-832 64 240 ) (-720 64 240 ) 
4 135 136 (-832 176 240 ) (-832 192 240 ) (-720 192 240 ) (-720 176 240 ) 
4 135 137 (-720 64 240 ) (-832 64 240 ) (-832 176 240 ) (-720 176 240 ) 
4 136 137 (-832 176 240 ) (-832 176 224 ) (-720 176 224 ) (-720 176 240 ) 
4 137 166 (-832 64 240 ) (-832 64 208 ) (-720 64 208 ) (-720 64 240 ) 
4 138 163 (-144 -352 512 ) (-144 -352 640 ) (-352 -352 640 ) (-352 -352 512 ) 
4 138 140 (-352 -320 512 ) (-352 64 512 ) (-320 64 512 ) (-320 -320 512 ) 
4 138 139 (-320 64 512 ) (-144 64 512 ) (-144 -320 512 ) (-320 -320 512 ) 
4 138 141 (-144 -352 512 ) (-352 -352 512 ) (-352 -320 512 ) (-144 -320 512 ) 
4 138 145 (-352 64 640 ) (-352 64 512 ) (-352 -352 512 ) (-352 -352 640 ) 
4 139 141 (-320 -320 432 ) (-144 -320 432 ) (-144 -320 512 ) (-320 -320 512 ) 
4 139 140 (-320 -320 512 ) (-320 64 512 ) (-320 64 432 ) (-320 -320 432 ) 
4 140 143 (-352 64 432 ) (-320 64 432 ) (-320 -320 432 ) (-352 -320 432 ) 
4 140 141 (-352 -320 512 ) (-352 -320 432 ) (-320 -320 432 ) (-320 -320 512 ) 
4 140 145 (-352 64 512 ) (-352 64 432 ) (-352 -320 432 ) (-352 -320 512 ) 
4 141 163 (-144 -352 432 ) (-144 -352 512 ) (-352 -352 512 ) (-352 -352 432 ) 
4 141 144 (-144 -320 432 ) (-144 -352 432 ) (-352 -352 432 ) (-352 -320 432 ) 
4 141 145 (-352 -320 432 ) (-352 -352 432 ) (-352 -352 512 ) (-352 -320 512 ) 
4 142 146 (-320 64 272 ) (-144 64 272 ) (-144 -320 272 ) (-320 -320 272 ) 
4 142 143 (-320 64 416 ) (-320 64 272 ) (-320 -320 272 ) (-320 -320 416 ) 
4 142 144 (-144 -320 272 ) (-144 -320 416 ) (-320 -320 416 ) (-320 -320 272 ) 
4 143 147 (-352 64 272 ) (-320 64 272 ) (-320 -320 272 ) (-352 -320 272 ) 
4 143 144 (-320 -320 432 ) (-352 -320 432 ) (-352 -320 272 ) (-320 -320 272 ) 
4 143 145 (-352 64 432 ) (-352 64 272 ) (-352 -320 272 ) (-352 -320 432 ) 
4 144 163 (-352 -352 272 ) (-144 -352 272 ) (-144 -352 432 ) (-352 -352 432 ) 
4 144 156 (-144 -336 272 ) (-144 -352 272 ) (-352 -352 272 ) (-352 -336 272 ) 
4 144 148 (-144 -320 272 ) (-144 -336 272 ) (-352 -336 272 ) (-352 -320 272 ) 
4 144 145 (-352 -320 272 ) (-352 -352 272 ) (-352 -352 432 ) (-352 -320 432 ) 
4 145 164 (-704 64 384 ) (-704 64 272 ) (-704 -64 272 ) (-704 -64 384 ) 
4 145 163 (-704 -352 640 ) (-704 -352 272 ) (-352 -352 272 ) (-352 -352 640 ) 
4 145 159 (-704 -64 272 ) (-704 64 272 ) (-672 64 272 ) (-672 -64 272 ) 
4 145 158 (-672 64 272 ) (-352 64 272 ) (-352 -64 272 ) (-672 -64 272 ) 
4 145 162 (-704 -352 272 ) (-704 -64 272 ) (-352 -64 272 ) (-352 -352 272 ) 
4 146 148 (-144 -320 192 ) (-144 -320 272 ) (-320 -320 272 ) (-320 -320 192 ) 
4 146 147 (-320 64 192 ) (-320 -320 192 ) (-320 -320 272 ) (-320 64 272 ) 
4 147 158 (-352 -64 272 ) (-352 64 272 ) (-352 64 192 ) (-352 -64 192 ) 
4 147 162 (-352 -320 272 ) (-352 -64 272 ) (-352 -64 192 ) (-352 -320 192 ) 
4 147 154 (-352 -320 192 ) (-352 -64 192 ) (-336 -64 192 ) (-336 -320 192 ) 
4 147 152 (-352 -64 192 ) (-352 64 192 ) (-336 64 192 ) (-336 -64 192 ) 
4 147 148 (-320 -320 272 ) (-352 -320 272 ) (-352 -320 192 ) (-320 -320 192 ) 
4 148 162 (-352 -336 192 ) (-352 -336 272 ) (-352 -320 272 ) (-352 -320 192 ) 
4 148 156 (-144 -336 192 ) (-144 -336 272 ) (-352 -336 272 ) (-352 -336 192 ) 
4 148 155 (-352 -336 192 ) (-352 -320 192 ) (-336 -320 192 ) (-336 -336 192 ) 
4 149 153 (-320 64 64 ) (-320 64 0 ) (-320 -64 0 ) (-320 -64 64 ) 
4 149 150 (-320 -144 0 ) (-240 -144 0 ) (-240 -144 176 ) (-320 -144 176 ) 
4 150 151 (-320 -240 176 ) (-320 -240 0 ) (-240 -240 0 ) (-240 -240 176 ) 
4 152 158 (-352 -64 64 ) (-352 -64 192 ) (-352 64 192 ) (-352 64 64 ) 
4 152 154 (-336 -64 192 ) (-352 -64 192 ) (-352 -64 64 ) (-336 -64 64 ) 
4 152 153 (-352 -64 64 ) (-352 64 64 ) (-336 64 64 ) (-336 -64 64 ) 
4 153 158 (-352 64 0 ) (-352 -64 0 ) (-352 -64 64 ) (-352 64 64 ) 
4 153 154 (-352 -64 0 ) (-336 -64 0 ) (-336 -64 64 ) (-352 -64 64 ) 
4 154 162 (-352 -64 0 ) (-352 -320 0 ) (-352 -320 192 ) (-352 -64 192 ) 
4 154 155 (-352 -320 0 ) (-336 -320 0 ) (-336 -320 192 ) (-352 -320 192 ) 
4 155 162 (-352 -320 0 ) (-352 -336 0 ) (-352 -336 192 ) (-352 -320 192 ) 
4 155 157 (-352 -336 0 ) (-336 -336 0 ) (-336 -336 192 ) (-352 -336 192 ) 
4 156 163 (-144 -352 192 ) (-144 -352 272 ) (-352 -352 272 ) (-352 -352 192 ) 
4 156 162 (-352 -352 192 ) (-352 -352 272 ) (-352 -336 272 ) (-352 -336 192 ) 
4 156 157 (-144 -352 192 ) (-352 -352 192 ) (-352 -336 192 ) (-144 -336 192 ) 
4 157 163 (-352 -352 0 ) (-144 -352 0 ) (-144 -352 192 ) (-352 -352 192 ) 
4 157 162 (-352 -336 0 ) (-352 -352 0 ) (-352 -352 192 ) (-352 -336 192 ) 
4 158 160 (-672 -64 208 ) (-672 -64 256 ) (-672 64 256 ) (-672 64 208 ) 
4 158 159 (-672 -64 256 ) (-672 -64 272 ) (-672 64 272 ) (-672 64 256 ) 
4 158 161 (-672 64 0 ) (-672 -64 0 ) (-672 -64 208 ) (-672 64 208 ) 
4 158 162 (-672 -64 0 ) (-352 -64 0 ) (-352 -64 272 ) (-672 -64 272 ) 
4 159 164 (-704 64 272 ) (-704 64 256 ) (-704 -64 256 ) (-704 -64 272 ) 
4 159 162 (-704 -64 272 ) (-704 -64 256 ) (-672 -64 256 ) (-672 -64 272 ) 
4 159 160 (-704 -64 256 ) (-704 64 256 ) (-672 64 256 ) (-672 -64 256 ) 
4 160 165 (-704 64 224 ) (-704 64 208 ) (-704 -64 208 ) (-704 -64 224 ) 
4 160 164 (-704 64 256 ) (-704 64 224 ) (-704 -64 224 ) (-704 -64 256 ) 
4 160 161 (-672 -64 208 ) (-704 -64 208 ) (-704 64 208 ) (-672 64 208 ) 
4 160 162 (-704 -64 256 ) (-704 -64 208 ) (-672 -64 208 ) (-672 -64 256 ) 
4 161 162 (-704 -64 208 ) (-704 -64 0 ) (-672 -64 0 ) (-672 -64 208 ) 
4 162 163 (-704 -352 272 ) (-704 -352 0 ) (-352 -352 0 ) (-352 -352 272 ) 
4 163 179 (-704 -448 0 ) (-704 -576 0 ) (-704 -576 64 ) (-704 -448 64 ) 
4 164 166 (-720 64 384 ) (-720 64 224 ) (-720 -64 224 ) (-720 -64 384 ) 
4 164 165 (-720 -64 224 ) (-720 64 224 ) (-704 64 224 ) (-704 -64 224 ) 
4 165 166 (-720 64 224 ) (-720 64 208 ) (-720 -64 208 ) (-720 -64 224 ) 
4 166 180 (-832 64 320 ) (-832 64 208 ) (-832 -64 208 ) (-832 -64 320 ) 
4 166 167 (-720 -256 208 ) (-720 -256 640 ) (-832 -256 640 ) (-832 -256 208 ) 
4 167 168 (-832 -304 192 ) (-832 -272 192 ) (-720 -272 192 ) (-720 -304 192 ) 
4 167 170 (-720 -576 192 ) (-832 -576 192 ) (-832 -304 192 ) (-720 -304 192 ) 
4 168 169 (-832 -304 176 ) (-832 -288 176 ) (-720 -288 176 ) (-720 -304 176 ) 
4 168 170 (-832 -304 192 ) (-832 -304 176 ) (-720 -304 176 ) (-720 -304 192 ) 
4 169 170 (-832 -304 176 ) (-832 -304 160 ) (-720 -304 160 ) (-720 -304 176 ) 
4 170 174 (-832 -384 144 ) (-832 -368 144 ) (-720 -368 144 ) (-720 -384 144 ) 
4 170 175 (-832 -576 144 ) (-832 -384 144 ) (-720 -384 144 ) (-720 -576 144 ) 
4 170 171 (-832 -368 144 ) (-832 -320 144 ) (-720 -320 144 ) (-720 -368 144 ) 
4 171 174 (-720 -368 144 ) (-832 -368 144 ) (-832 -368 128 ) (-720 -368 128 ) 
4 171 173 (-720 -368 128 ) (-832 -368 128 ) (-832 -352 128 ) (-720 -352 128 ) 
4 171 172 (-832 -352 128 ) (-832 -336 128 ) (-720 -336 128 ) (-720 -352 128 ) 
4 172 173 (-720 -352 112 ) (-720 -352 128 ) (-832 -352 128 ) (-832 -352 112 ) 
4 173 174 (-832 -368 128 ) (-832 -368 96 ) (-720 -368 96 ) (-720 -368 128 ) 
4 174 175 (-720 -384 144 ) (-832 -384 144 ) (-832 -384 80 ) (-720 -384 80 ) 
4 175 179 (-720 -576 64 ) (-832 -576 64 ) (-832 -448 64 ) (-720 -448 64 ) 
4 175 176 (-832 -448 64 ) (-832 -400 64 ) (-720 -400 64 ) (-720 -448 64 ) 
4 176 179 (-720 -448 64 ) (-832 -448 64 ) (-832 -448 48 ) (-720 -448 48 ) 
4 176 178 (-720 -448 48 ) (-832 -448 48 ) (-832 -432 48 ) (-720 -432 48 ) 
4 176 177 (-832 -432 48 ) (-832 -416 48 ) (-720 -416 48 ) (-720 -432 48 ) 
4 177 178 (-720 -432 32 ) (-720 -432 48 ) (-832 -432 48 ) (-832 -432 32 ) 
4 178 179 (-832 -448 48 ) (-832 -448 16 ) (-720 -448 16 ) (-720 -448 48 ) 
4 180 181 (-848 64 320 ) (-848 64 208 ) (-848 -64 208 ) (-848 -64 320 ) 
4 181 183 (-1152 -64 368 ) (-1152 64 368 ) (-1152 64 208 ) (-1152 -64 208 ) 
4 182 185 (-1536 64 368 ) (-1536 64 208 ) (-1520 64 208 ) (-1520 64 368 ) 
4 182 184 (-1520 64 208 ) (-1504 64 208 ) (-1504 64 368 ) (-1520 64 368 ) 
4 182 183 (-1504 64 208 ) (-1152 64 208 ) (-1152 64 368 ) (-1504 64 368 ) 
4 183 186 (-1504 -64 208 ) (-1504 -192 208 ) (-1504 -192 368 ) (-1504 -64 368 ) 
4 183 184 (-1504 64 368 ) (-1504 64 208 ) (-1504 -64 208 ) (-1504 -64 368 ) 
4 184 186 (-1520 -64 208 ) (-1504 -64 208 ) (-1504 -64 368 ) (-1520 -64 368 ) 
4 184 185 (-1520 64 368 ) (-1520 64 208 ) (-1520 -64 208 ) (-1520 -64 368 ) 
4 185 186 (-1536 -64 368 ) (-1536 -64 208 ) (-1520 -64 208 ) (-1520 -64 368 ) 
