PRT1
13
32
4 0 10 (216 -64 104 ) (216 -64 272 ) (216 64 272 ) (216 64 104 ) 
4 0 9 (216 64 272 ) (216 320 272 ) (216 320 104 ) (216 64 104 ) 
4 0 6 (216 320 272 ) (216 448 272 ) (216 448 104 ) (216 320 104 ) 
4 0 3 (344 96 104 ) (216 96 104 ) (216 304 104 ) (344 304 104 ) 
4 0 2 (448 304 104 ) (448 96 104 ) (344 96 104 ) (344 304 104 ) 
4 0 1 (216 448 104 ) (448 448 104 ) (448 304 104 ) (216 304 104 ) 
4 0 4 (448 96 104 ) (448 -64 104 ) (216 -64 104 ) (216 96 104 ) 
4 1 9 (216 304 104 ) (216 320 104 ) (216 320 32 ) (216 304 32 ) 
4 1 6 (216 320 104 ) (216 448 104 ) (216 448 32 ) (216 320 32 ) 
4 1 5 (216 304 32 ) (216 448 32 ) (448 448 32 ) (448 304 32 ) 
4 1 3 (216 304 32 ) (344 304 32 ) (344 304 104 ) (216 304 104 ) 
4 1 2 (344 304 32 ) (448 304 32 ) (448 304 104 ) (344 304 104 ) 
4 2 5 (344 304 32 ) (448 304 32 ) (448 96 32 ) (344 96 32 ) 
4 2 4 (344 96 32 ) (448 96 32 ) (448 96 104 ) (344 96 104 ) 
4 2 3 (344 304 32 ) (344 96 32 ) (344 96 104 ) (344 304 104 ) 
4 3 9 (216 96 104 ) (216 304 104 ) (216 304 32 ) (216 96 32 ) 
4 3 5 (216 96 32 ) (216 304 32 ) (344 304 32 ) (344 96 32 ) 
4 3 4 (216 96 104 ) (216 96 32 ) (344 96 32 ) (344 96 104 ) 
4 4 10 (216 -64 32 ) (216 -64 104 ) (216 64 104 ) (216 64 32 ) 
4 4 9 (216 64 104 ) (216 96 104 ) (216 96 32 ) (216 64 32 ) 
4 4 5 (448 -64 32 ) (216 -64 32 ) (216 96 32 ) (448 96 32 ) 
4 5 10 (216 -64 16 ) (216 -64 32 ) (216 64 32 ) (216 64 16 ) 
4 5 9 (216 64 32 ) (216 320 32 ) (216 320 16 ) (216 64 16 ) 
4 5 6 (216 320 32 ) (216 448 32 ) (216 448 16 ) (216 320 16 ) 
4 6 9 (216 320 16 ) (216 320 272 ) (64 320 272 ) (64 320 16 ) 
4 6 7 (64 384 272 ) (64 448 272 ) (64 448 16 ) (64 384 16 ) 
4 7 8 (0 384 272 ) (-64 384 272 ) (-64 384 16 ) (0 384 16 ) 
4 8 9 (0 320 272 ) (-64 320 272 ) (-64 320 16 ) (0 320 16 ) 
4 9 12 (-64 64 272 ) (-64 64 16 ) (0 64 16 ) (0 64 272 ) 
4 9 10 (64 64 16 ) (216 64 16 ) (216 64 272 ) (64 64 272 ) 
4 10 11 (64 0 16 ) (64 -64 16 ) (64 -64 272 ) (64 0 272 ) 
4 11 12 (0 0 16 ) (0 -64 16 ) (0 -64 272 ) (0 0 272 ) 
